<?xml version="1.0" encoding="UTF-8"?>
<!-- Generated by org.testng.reporters.JUnitXMLReporter -->
<testsuite ignored="1" hostname="IBM-HG252F3" failures="1" tests="1" name="Error Validations Test" time="0.056" errors="0" timestamp="2023-01-06T18:57:17 IST">
  <testcase classname="com.tests.ErrorValidationsTest" name="LoginErrorValidation" time="0.006">
    <failure type="java.lang.NullPointerException" message="Cannot invoke &amp;quot;com.pageobjects.LandingPage.loginApplication(String, String)&amp;quot; because &amp;quot;this.landingPage&amp;quot; is null">
      <![CDATA[java.lang.NullPointerException: Cannot invoke "com.pageobjects.LandingPage.loginApplication(String, String)" because "this.landingPage" is null
at com.tests.ErrorValidationsTest.LoginErrorValidation(ErrorValidationsTest.java:18)
at java.base/java.util.ArrayList.forEach(ArrayList.java:1511)
at java.base/java.util.concurrent.FutureTask.run(FutureTask.java:264)
at java.base/java.util.concurrent.ThreadPoolExecutor.runWorker(ThreadPoolExecutor.java:1136)
at java.base/java.util.concurrent.ThreadPoolExecutor$Worker.run(ThreadPoolExecutor.java:635)
at java.base/java.lang.Thread.run(Thread.java:833)
... Removed 18 stack frames]]>
    </failure>
  </testcase> <!-- LoginErrorValidation -->
  <testcase classname="com.tests.ErrorValidationsTest" name="ProductErrorValidation" time="0.0">
    <ignored/>
  </testcase> <!-- ProductErrorValidation -->
</testsuite> <!-- Error Validations Test -->
