<?xml version="1.0" encoding="UTF-8"?>
<!-- Generated by org.testng.reporters.JUnitXMLReporter -->
<testsuite ignored="1" hostname="IBM-HG252F3" failures="0" tests="2" name="Purchase items" time="41.251" errors="0" timestamp="2023-01-09T13:16:00 IST">
  <testcase classname="com.tests.SubmitOrderTest" name="submitOrder" time="16.258"/>
  <testcase classname="com.tests.SubmitOrderTest" name="submitOrder" time="16.035"/>
  <testcase classname="com.tests.SubmitOrderTest" name="orderHistoryTest" time="0.0">
    <ignored/>
  </testcase> <!-- orderHistoryTest -->
</testsuite> <!-- Purchase items -->
