<?xml version="1.0" encoding="UTF-8"?>
<testng-results skipped="0" failed="0" ignored="0" total="1" passed="1">
  <reporter-output>
  </reporter-output>
  <suite name="Default suite" duration-ms="90" started-at="2020-05-18T08:42:42 IST" finished-at="2020-05-18T08:42:42 IST">
    <groups>
    </groups>
    <test name="Default test" duration-ms="90" started-at="2020-05-18T08:42:42 IST" finished-at="2020-05-18T08:42:42 IST">
      <class name="testMavenProject.practiceMavenTestNG">
        <test-method status="PASS" signature="testfn1()[pri:0, instance:testMavenProject.practiceMavenTestNG@1dfe2924]" name="testfn1" duration-ms="17" started-at="2020-05-18T08:42:42 IST" finished-at="2020-05-18T08:42:42 IST">
          <reporter-output>
          </reporter-output>
        </test-method> <!-- testfn1 -->
      </class> <!-- testMavenProject.practiceMavenTestNG -->
    </test> <!-- Default test -->
  </suite> <!-- Default suite -->
</testng-results>
