<?xml version="1.0" encoding="UTF-8"?>
<testng-results ignored="0" total="3" passed="3" failed="0" skipped="0">
  <reporter-output>
  </reporter-output>
  <suite started-at="2024-05-16T14:03:33 IST" name="Default suite" finished-at="2024-05-16T14:03:33 IST" duration-ms="178">
    <groups>
    </groups>
    <test started-at="2024-05-16T14:03:33 IST" name="Default test" finished-at="2024-05-16T14:03:33 IST" duration-ms="178">
      <class name="TestPackage.advancedTestNG3">
        <test-method is-config="true" signature="beforeClass()[pri:0, instance:TestPackage.advancedTestNG3@5bda8e08]" started-at="2024-05-16T14:03:33 IST" name="beforeClass" finished-at="2024-05-16T14:03:33 IST" duration-ms="32" status="PASS">
          <reporter-output>
          </reporter-output>
        </test-method> <!-- beforeClass -->
        <test-method signature="methodRandom()[pri:0, instance:TestPackage.advancedTestNG3@5bda8e08]" started-at="2024-05-16T14:03:33 IST" name="methodRandom" finished-at="2024-05-16T14:03:33 IST" duration-ms="18" status="PASS">
          <reporter-output>
          </reporter-output>
        </test-method> <!-- methodRandom -->
        <test-method signature="typeRandom()[pri:3, instance:TestPackage.advancedTestNG3@5bda8e08]" started-at="2024-05-16T14:03:33 IST" name="typeRandom" finished-at="2024-05-16T14:03:33 IST" duration-ms="5" status="PASS">
          <reporter-output>
          </reporter-output>
        </test-method> <!-- typeRandom -->
        <test-method signature="abcRandom()[pri:7, instance:TestPackage.advancedTestNG3@5bda8e08]" started-at="2024-05-16T14:03:33 IST" name="abcRandom" finished-at="2024-05-16T14:03:33 IST" duration-ms="6" status="PASS">
          <reporter-output>
          </reporter-output>
        </test-method> <!-- abcRandom -->
        <test-method is-config="true" signature="afterClass()[pri:0, instance:TestPackage.advancedTestNG3@5bda8e08]" started-at="2024-05-16T14:03:33 IST" name="afterClass" finished-at="2024-05-16T14:03:33 IST" duration-ms="2" status="PASS">
          <reporter-output>
          </reporter-output>
        </test-method> <!-- afterClass -->
      </class> <!-- TestPackage.advancedTestNG3 -->
    </test> <!-- Default test -->
  </suite> <!-- Default suite -->
</testng-results>
