<?xml version="1.0" encoding="UTF-8"?>
<!-- Generated by org.testng.reporters.JUnitXMLReporter -->
<testsuite hostname="DESKTOP-6EA9O54" ignored="0" name="Default test" tests="3" failures="0" timestamp="2021-08-19T08:05:24 IST" time="4.314" errors="0">
  <testcase name="Demo1" time="4.238" classname="Loan.PersonalLoan.newTestNG"/>
  <testcase name="Demo2" time="0.003" classname="Loan.PersonalLoan.newTestNG"/>
  <testcase name="Demo3" time="0.005" classname="Loan.PersonalLoan.newTestNG"/>
</testsuite> <!-- Default test -->
