<?xml version="1.0" encoding="UTF-8"?>
<!-- Generated by org.testng.reporters.JUnitXMLReporter -->
<testsuite hostname="DESKTOP-6EA9O54" ignored="0" name="Default test" tests="3" failures="0" timestamp="2021-09-22T21:43:57 IST" time="0.059" errors="0">
  <testcase name="methodRandom" time="0.007" classname="TestPackage.advancedTestNG3"/>
  <testcase name="typeRandom" time="0.001" classname="TestPackage.advancedTestNG3"/>
  <testcase name="abcRandom" time="0.001" classname="TestPackage.advancedTestNG3"/>
</testsuite> <!-- Default test -->
