<?xml version="1.0" encoding="UTF-8"?>
<testng-results ignored="1" total="3" passed="2" failed="0" skipped="0">
  <reporter-output>
  </reporter-output>
  <suite started-at="2023-01-09T13:15:19 IST" name="Suite" finished-at="2023-01-09T13:16:00 IST" duration-ms="41251">
    <groups>
      <group name="Purchase">
        <method signature="SubmitOrderTest.submitOrder(java.lang.String, java.lang.String)[pri:0, instance:com.tests.SubmitOrderTest@2053d869]" name="submitOrder" class="com.tests.SubmitOrderTest"/>
      </group> <!-- Purchase -->
    </groups>
    <test started-at="2023-01-09T13:15:19 IST" name="Purchase items" finished-at="2023-01-09T13:16:00 IST" duration-ms="41251">
      <class name="com.tests.SubmitOrderTest">
        <test-method is-config="true" signature="launchApplication()[pri:0, instance:com.tests.SubmitOrderTest@2053d869]" started-at="2023-01-09T13:15:19 IST" name="launchApplication" finished-at="2023-01-09T13:15:24 IST" duration-ms="4393" status="PASS">
          <reporter-output>
          </reporter-output>
        </test-method> <!-- launchApplication -->
        <test-method signature="submitOrder(java.lang.String, java.lang.String)[pri:0, instance:com.tests.SubmitOrderTest@2053d869]" started-at="2023-01-09T13:15:24 IST" name="submitOrder" data-provider="getData" finished-at="2023-01-09T13:15:40 IST" duration-ms="16258" status="PASS">
          <params>
            <param index="0">
              <value>
                <![CDATA[Tapamth@gmail.com]]>
              </value>
            </param>
            <param index="1">
              <value>
                <![CDATA[Tapamth1!0]]>
              </value>
            </param>
          </params>
          <reporter-output>
          </reporter-output>
        </test-method> <!-- submitOrder -->
        <test-method is-config="true" signature="tearDown()[pri:0, instance:com.tests.SubmitOrderTest@2053d869]" started-at="2023-01-09T13:15:40 IST" name="tearDown" finished-at="2023-01-09T13:15:40 IST" duration-ms="171" status="PASS">
          <reporter-output>
          </reporter-output>
        </test-method> <!-- tearDown -->
        <test-method is-config="true" signature="launchApplication()[pri:0, instance:com.tests.SubmitOrderTest@2053d869]" started-at="2023-01-09T13:15:40 IST" name="launchApplication" finished-at="2023-01-09T13:15:44 IST" duration-ms="4173" status="PASS">
          <reporter-output>
          </reporter-output>
        </test-method> <!-- launchApplication -->
        <test-method signature="submitOrder(java.lang.String, java.lang.String)[pri:0, instance:com.tests.SubmitOrderTest@2053d869]" started-at="2023-01-09T13:15:44 IST" name="submitOrder" data-provider="getData" finished-at="2023-01-09T13:16:00 IST" duration-ms="16035" status="PASS">
          <params>
            <param index="0">
              <value>
                <![CDATA[tod@gmail.com]]>
              </value>
            </param>
            <param index="1">
              <value>
                <![CDATA[Tapamth1!0]]>
              </value>
            </param>
          </params>
          <reporter-output>
          </reporter-output>
        </test-method> <!-- submitOrder -->
        <test-method is-config="true" signature="tearDown()[pri:0, instance:com.tests.SubmitOrderTest@2053d869]" started-at="2023-01-09T13:16:00 IST" name="tearDown" finished-at="2023-01-09T13:16:00 IST" duration-ms="176" status="PASS">
          <reporter-output>
          </reporter-output>
        </test-method> <!-- tearDown -->
      </class> <!-- com.tests.SubmitOrderTest -->
    </test> <!-- Purchase items -->
  </suite> <!-- Suite -->
</testng-results>
