<?xml version="1.0" encoding="UTF-8"?>
<testng-results ignored="0" total="4" passed="4" failed="0" skipped="0">
  <reporter-output>
  </reporter-output>
  <suite started-at="2024-06-23T13:33:40 IST" name="Suite" finished-at="2024-06-23T13:33:40 IST" duration-ms="197">
    <groups>
    </groups>
    <test started-at="2024-06-23T13:33:40 IST" name="Test1" finished-at="2024-06-23T13:33:40 IST" duration-ms="122">
      <class name="testMavenProjectPackage.seleniumTest">
        <test-method is-config="true" signature="bfrMethod()[pri:0, instance:testMavenProjectPackage.seleniumTest@77be656f]" started-at="2024-06-23T13:33:40 IST" name="bfrMethod" finished-at="2024-06-23T13:33:40 IST" duration-ms="16" status="PASS">
          <reporter-output>
          </reporter-output>
        </test-method> <!-- bfrMethod -->
        <test-method signature="seleniumPrint(java.lang.String)[pri:0, instance:testMavenProjectPackage.seleniumTest@77be656f]" started-at="2024-06-23T13:33:40 IST" name="seleniumPrint" finished-at="2024-06-23T13:33:40 IST" duration-ms="4" status="PASS">
          <params>
            <param index="0">
              <value>
                <![CDATA[Me]]>
              </value>
            </param>
          </params>
          <reporter-output>
          </reporter-output>
        </test-method> <!-- seleniumPrint -->
      </class> <!-- testMavenProjectPackage.seleniumTest -->
    </test> <!-- Test1 -->
    <test started-at="2024-06-23T13:33:40 IST" name="Test2" finished-at="2024-06-23T13:33:40 IST" duration-ms="0">
      <class name="testMavenProjectPackage.iOSTest">
        <test-method signature="iosPrint()[pri:0, instance:testMavenProjectPackage.iOSTest@64d2d351]" started-at="2024-06-23T13:33:40 IST" name="iosPrint" finished-at="2024-06-23T13:33:40 IST" duration-ms="0" status="PASS">
          <reporter-output>
          </reporter-output>
        </test-method> <!-- iosPrint -->
      </class> <!-- testMavenProjectPackage.iOSTest -->
    </test> <!-- Test2 -->
  </suite> <!-- Suite -->
  <suite started-at="2024-06-23T13:33:40 IST" name="Suite (0)" finished-at="2024-06-23T13:33:40 IST" duration-ms="9">
    <groups>
    </groups>
    <test started-at="2024-06-23T13:33:40 IST" name="Test1" finished-at="2024-06-23T13:33:40 IST" duration-ms="0">
      <class name="testMavenProjectPackage.seleniumTest">
        <test-method signature="seleniumPrint(java.lang.String)[pri:0, instance:testMavenProjectPackage.seleniumTest@2b4a2ec7]" started-at="2024-06-23T13:33:40 IST" name="seleniumPrint" finished-at="2024-06-23T13:33:40 IST" duration-ms="0" status="PASS">
          <params>
            <param index="0">
              <value>
                <![CDATA[Me]]>
              </value>
            </param>
          </params>
          <reporter-output>
          </reporter-output>
        </test-method> <!-- seleniumPrint -->
        <test-method is-config="true" signature="bfrMethod()[pri:0, instance:testMavenProjectPackage.seleniumTest@2b4a2ec7]" started-at="2024-06-23T13:33:40 IST" name="bfrMethod" finished-at="2024-06-23T13:33:40 IST" duration-ms="0" status="PASS">
          <reporter-output>
          </reporter-output>
        </test-method> <!-- bfrMethod -->
      </class> <!-- testMavenProjectPackage.seleniumTest -->
    </test> <!-- Test1 -->
    <test started-at="2024-06-23T13:33:40 IST" name="Test2" finished-at="2024-06-23T13:33:40 IST" duration-ms="0">
      <class name="testMavenProjectPackage.iOSTest">
        <test-method signature="iosPrint()[pri:0, instance:testMavenProjectPackage.iOSTest@4206a205]" started-at="2024-06-23T13:33:40 IST" name="iosPrint" finished-at="2024-06-23T13:33:40 IST" duration-ms="0" status="PASS">
          <reporter-output>
          </reporter-output>
        </test-method> <!-- iosPrint -->
      </class> <!-- testMavenProjectPackage.iOSTest -->
    </test> <!-- Test2 -->
  </suite> <!-- Suite (0) -->
</testng-results>
