<?xml version="1.0" encoding="UTF-8"?>
<testng-results ignored="0" total="2" passed="2" failed="0" skipped="0">
  <reporter-output>
  </reporter-output>
  <suite started-at="2023-03-20T14:30:48 IST" name="Suite" finished-at="2023-03-20T14:30:48 IST" duration-ms="52">
    <groups>
    </groups>
    <test started-at="2023-03-20T14:30:48 IST" name="Test1" finished-at="2023-03-20T14:30:48 IST" duration-ms="26">
      <class name="testMavenProjectPackage.seleniumTest">
        <test-method is-config="true" signature="bfrMethod()[pri:0, instance:testMavenProjectPackage.seleniumTest@247bddad]" started-at="2023-03-20T14:30:48 IST" name="bfrMethod" finished-at="2023-03-20T14:30:48 IST" duration-ms="3" status="PASS">
          <reporter-output>
          </reporter-output>
        </test-method> <!-- bfrMethod -->
        <test-method signature="seleniumPrint(java.lang.String)[pri:0, instance:testMavenProjectPackage.seleniumTest@247bddad]" started-at="2023-03-20T14:30:48 IST" name="seleniumPrint" finished-at="2023-03-20T14:30:48 IST" duration-ms="0" status="PASS">
          <params>
            <param index="0">
              <value>
                <![CDATA[Praveen]]>
              </value>
            </param>
          </params>
          <reporter-output>
          </reporter-output>
        </test-method> <!-- seleniumPrint -->
      </class> <!-- testMavenProjectPackage.seleniumTest -->
    </test> <!-- Test1 -->
    <test started-at="2023-03-20T14:30:48 IST" name="Test2" finished-at="2023-03-20T14:30:48 IST" duration-ms="0">
      <class name="testMavenProjectPackage.iOSTest">
        <test-method signature="iosPrint()[pri:0, instance:testMavenProjectPackage.iOSTest@5fbe4146]" started-at="2023-03-20T14:30:48 IST" name="iosPrint" finished-at="2023-03-20T14:30:48 IST" duration-ms="0" status="PASS">
          <reporter-output>
          </reporter-output>
        </test-method> <!-- iosPrint -->
      </class> <!-- testMavenProjectPackage.iOSTest -->
    </test> <!-- Test2 -->
  </suite> <!-- Suite -->
</testng-results>
