<?xml version="1.0" encoding="UTF-8"?>
<testng-results ignored="0" total="2" passed="2" failed="0" skipped="0">
  <reporter-output>
  </reporter-output>
  <suite started-at="2023-05-23T13:31:29 IST" name="Default suite" finished-at="2023-05-23T13:31:29 IST" duration-ms="46">
    <groups>
    </groups>
    <test started-at="2023-05-23T13:31:29 IST" name="Default test" finished-at="2023-05-23T13:31:29 IST" duration-ms="46">
      <class name="TestAnnotations.Annotations">
        <test-method is-config="true" signature="preRequisite()[pri:0, instance:TestAnnotations.Annotations@32502377]" started-at="2023-05-23T13:31:29 IST" name="preRequisite" finished-at="2023-05-23T13:31:29 IST" duration-ms="17" status="PASS">
          <reporter-output>
          </reporter-output>
        </test-method> <!-- preRequisite -->
        <test-method signature="mainFlow()[pri:0, instance:TestAnnotations.Annotations@32502377]" started-at="2023-05-23T13:31:29 IST" name="mainFlow" finished-at="2023-05-23T13:31:29 IST" duration-ms="3" status="PASS">
          <reporter-output>
          </reporter-output>
        </test-method> <!-- mainFlow -->
        <test-method signature="subFlow()[pri:0, instance:TestAnnotations.Annotations@32502377]" started-at="2023-05-23T13:31:29 IST" name="subFlow" finished-at="2023-05-23T13:31:29 IST" duration-ms="1" status="PASS">
          <reporter-output>
          </reporter-output>
        </test-method> <!-- subFlow -->
        <test-method is-config="true" signature="finalRequisite()[pri:0, instance:TestAnnotations.Annotations@32502377]" started-at="2023-05-23T13:31:29 IST" name="finalRequisite" finished-at="2023-05-23T13:31:29 IST" duration-ms="0" status="PASS">
          <reporter-output>
          </reporter-output>
        </test-method> <!-- finalRequisite -->
      </class> <!-- TestAnnotations.Annotations -->
    </test> <!-- Default test -->
  </suite> <!-- Default suite -->
</testng-results>
