<?xml version="1.0" encoding="UTF-8"?>
<testng-results skipped="0" failed="0" ignored="0" total="3" passed="3">
  <reporter-output>
  </reporter-output>
  <suite name="Default suite" duration-ms="4314" started-at="2021-08-19T08:05:19 IST" finished-at="2021-08-19T08:05:24 IST">
    <groups>
    </groups>
    <test name="Default test" duration-ms="4314" started-at="2021-08-19T08:05:19 IST" finished-at="2021-08-19T08:05:24 IST">
      <class name="Loan.PersonalLoan.newTestNG">
        <test-method status="PASS" signature="beforeMethod()[pri:0, instance:Loan.PersonalLoan.newTestNG@3a883ce7]" name="beforeMethod" is-config="true" duration-ms="6" started-at="2021-08-19T08:05:19 IST" finished-at="2021-08-19T08:05:19 IST">
          <reporter-output>
          </reporter-output>
        </test-method> <!-- beforeMethod -->
        <test-method status="PASS" signature="Demo1()[pri:0, instance:Loan.PersonalLoan.newTestNG@3a883ce7]" name="Demo1" duration-ms="4238" started-at="2021-08-19T08:05:19 IST" finished-at="2021-08-19T08:05:24 IST">
          <reporter-output>
          </reporter-output>
        </test-method> <!-- Demo1 -->
        <test-method status="PASS" signature="afterMethod()[pri:0, instance:Loan.PersonalLoan.newTestNG@3a883ce7]" name="afterMethod" is-config="true" duration-ms="0" started-at="2021-08-19T08:05:24 IST" finished-at="2021-08-19T08:05:24 IST">
          <reporter-output>
          </reporter-output>
        </test-method> <!-- afterMethod -->
        <test-method status="PASS" signature="beforeMethod()[pri:0, instance:Loan.PersonalLoan.newTestNG@3a883ce7]" name="beforeMethod" is-config="true" duration-ms="1" started-at="2021-08-19T08:05:24 IST" finished-at="2021-08-19T08:05:24 IST">
          <reporter-output>
          </reporter-output>
        </test-method> <!-- beforeMethod -->
        <test-method status="PASS" signature="Demo2()[pri:0, instance:Loan.PersonalLoan.newTestNG@3a883ce7]" name="Demo2" duration-ms="3" started-at="2021-08-19T08:05:24 IST" finished-at="2021-08-19T08:05:24 IST">
          <reporter-output>
          </reporter-output>
        </test-method> <!-- Demo2 -->
        <test-method status="PASS" signature="afterMethod()[pri:0, instance:Loan.PersonalLoan.newTestNG@3a883ce7]" name="afterMethod" is-config="true" duration-ms="0" started-at="2021-08-19T08:05:24 IST" finished-at="2021-08-19T08:05:24 IST">
          <reporter-output>
          </reporter-output>
        </test-method> <!-- afterMethod -->
        <test-method status="PASS" signature="beforeMethod()[pri:0, instance:Loan.PersonalLoan.newTestNG@3a883ce7]" name="beforeMethod" is-config="true" duration-ms="1" started-at="2021-08-19T08:05:24 IST" finished-at="2021-08-19T08:05:24 IST">
          <reporter-output>
          </reporter-output>
        </test-method> <!-- beforeMethod -->
        <test-method status="PASS" signature="Demo3()[pri:0, instance:Loan.PersonalLoan.newTestNG@3a883ce7]" name="Demo3" duration-ms="5" started-at="2021-08-19T08:05:24 IST" finished-at="2021-08-19T08:05:24 IST">
          <reporter-output>
          </reporter-output>
        </test-method> <!-- Demo3 -->
        <test-method status="PASS" signature="afterMethod()[pri:0, instance:Loan.PersonalLoan.newTestNG@3a883ce7]" name="afterMethod" is-config="true" duration-ms="0" started-at="2021-08-19T08:05:24 IST" finished-at="2021-08-19T08:05:24 IST">
          <reporter-output>
          </reporter-output>
        </test-method> <!-- afterMethod -->
      </class> <!-- Loan.PersonalLoan.newTestNG -->
    </test> <!-- Default test -->
  </suite> <!-- Default suite -->
</testng-results>
