<?xml version="1.0" encoding="UTF-8"?>
<testng-results skipped="0" failed="0" ignored="0" total="1" passed="1">
  <reporter-output>
  </reporter-output>
  <suite name="Suite" duration-ms="62" started-at="2021-08-19T08:48:18 IST" finished-at="2021-08-19T08:48:18 IST">
    <groups>
    </groups>
    <test name="Test" duration-ms="62" started-at="2021-08-19T08:48:18 IST" finished-at="2021-08-19T08:48:18 IST">
      <class name="testMavenProject.practiceMavenTestNG">
        <test-method status="PASS" signature="testfn1()[pri:0, instance:testMavenProject.practiceMavenTestNG@6eebc39e]" name="testfn1" duration-ms="4" started-at="2021-08-19T08:48:18 IST" finished-at="2021-08-19T08:48:18 IST">
          <reporter-output>
          </reporter-output>
        </test-method> <!-- testfn1 -->
      </class> <!-- testMavenProject.practiceMavenTestNG -->
    </test> <!-- Test -->
  </suite> <!-- Suite -->
</testng-results>
