<?xml version="1.0" encoding="UTF-8"?>
<!-- Generated by org.testng.reporters.JUnitXMLReporter -->
<testsuite ignored="1" hostname="IBM-HG252F3" failures="0" tests="1" name="Error Validations Test" time="5.195" errors="0" timestamp="2023-01-06T10:55:29 IST">
  <testcase classname="com.tests.ErrorValidationsTest" name="LoginErrorValidation" time="0.787"/>
  <testcase classname="com.tests.ErrorValidationsTest" name="ProductErrorValidation" time="0.0">
    <ignored/>
  </testcase> <!-- ProductErrorValidation -->
</testsuite> <!-- Error Validations Test -->
