<?xml version="1.0" encoding="UTF-8"?>
<testng-results skipped="0" failed="0" ignored="0" total="2" passed="2">
  <reporter-output>
  </reporter-output>
  <suite name="Suite" duration-ms="658" started-at="2021-11-03T09:20:56 IST" finished-at="2021-11-03T09:20:57 IST">
    <groups>
      <group name="cucumber">
        <method signature="AbstractTestNGCucumberTests.runScenario(io.cucumber.testng.PickleWrapper, io.cucumber.testng.FeatureWrapper)[pri:0, instance:cucumberOptions.TestRunner@7d9d1a19]" name="runScenario" class="io.cucumber.testng.AbstractTestNGCucumberTests"/>
      </group> <!-- cucumber -->
    </groups>
    <test name="Test" duration-ms="658" started-at="2021-11-03T09:20:56 IST" finished-at="2021-11-03T09:20:57 IST">
      <class name="cucumberOptions.TestRunner">
        <test-method status="PASS" signature="setUpClass(org.testng.ITestContext)[pri:0, instance:cucumberOptions.TestRunner@7d9d1a19]" name="setUpClass" is-config="true" duration-ms="448" started-at="2021-11-03T09:20:56 IST" finished-at="2021-11-03T09:20:57 IST">
          <params>
            <param index="0">
              <value>
                <![CDATA[org.testng.TestRunner@75db5df9]]>
              </value>
            </param>
          </params>
          <reporter-output>
          </reporter-output>
        </test-method> <!-- setUpClass -->
        <test-method status="PASS" signature="runScenario(io.cucumber.testng.PickleWrapper, io.cucumber.testng.FeatureWrapper)[pri:0, instance:cucumberOptions.TestRunner@7d9d1a19]" name="runScenario" duration-ms="122" started-at="2021-11-03T09:20:57 IST" description="Runs Cucumber Scenarios" data-provider="scenarios" finished-at="2021-11-03T09:20:57 IST">
          <params>
            <param index="0">
              <value>
                <![CDATA["Home Page default login"]]>
              </value>
            </param>
            <param index="1">
              <value>
                <![CDATA["Optional[Application login]"]]>
              </value>
            </param>
          </params>
          <reporter-output>
          </reporter-output>
        </test-method> <!-- runScenario -->
        <test-method status="PASS" signature="runScenario(io.cucumber.testng.PickleWrapper, io.cucumber.testng.FeatureWrapper)[pri:0, instance:cucumberOptions.TestRunner@7d9d1a19]" name="runScenario" duration-ms="10" started-at="2021-11-03T09:20:57 IST" description="Runs Cucumber Scenarios" data-provider="scenarios" finished-at="2021-11-03T09:20:57 IST">
          <params>
            <param index="0">
              <value>
                <![CDATA["Home Page default login"]]>
              </value>
            </param>
            <param index="1">
              <value>
                <![CDATA["Optional[Application login]"]]>
              </value>
            </param>
          </params>
          <reporter-output>
          </reporter-output>
        </test-method> <!-- runScenario -->
        <test-method status="PASS" signature="tearDownClass()[pri:0, instance:cucumberOptions.TestRunner@7d9d1a19]" name="tearDownClass" is-config="true" duration-ms="30" started-at="2021-11-03T09:20:57 IST" finished-at="2021-11-03T09:20:57 IST">
          <reporter-output>
          </reporter-output>
        </test-method> <!-- tearDownClass -->
      </class> <!-- cucumberOptions.TestRunner -->
    </test> <!-- Test -->
  </suite> <!-- Suite -->
</testng-results>
