<?xml version="1.0" encoding="UTF-8"?>
<testng-results skipped="0" failed="0" ignored="0" total="1" passed="1">
  <reporter-output>
  </reporter-output>
  <suite name="Surefire suite" duration-ms="75" started-at="2021-08-19T08:06:39 IST" finished-at="2021-08-19T08:06:39 IST">
    <groups>
    </groups>
    <test name="Surefire test" duration-ms="75" started-at="2021-08-19T08:06:39 IST" finished-at="2021-08-19T08:06:39 IST">
      <class name="Loan.PersonalLoan.AppTest">
        <test-method status="PASS" signature="shouldAnswerWithTrue()" name="shouldAnswerWithTrue" duration-ms="9" started-at="2021-08-19T08:06:39 IST" finished-at="2021-08-19T08:06:39 IST">
          <reporter-output>
          </reporter-output>
        </test-method> <!-- shouldAnswerWithTrue -->
      </class> <!-- Loan.PersonalLoan.AppTest -->
    </test> <!-- Surefire test -->
  </suite> <!-- Surefire suite -->
</testng-results>
