<?xml version="1.0" encoding="UTF-8"?>
<testng-results skipped="0" failed="0" ignored="0" total="1" passed="1">
  <reporter-output>
  </reporter-output>
  <suite name="Default suite" duration-ms="85" started-at="2020-05-14T16:46:11 IST" finished-at="2020-05-14T16:46:11 IST">
    <groups>
    </groups>
    <test name="Default test" duration-ms="85" started-at="2020-05-14T16:46:11 IST" finished-at="2020-05-14T16:46:11 IST">
      <class name="testMavenProjectPackage.iOSTest">
        <test-method status="PASS" signature="iosPrint()[pri:0, instance:testMavenProjectPackage.iOSTest@3eb25e1a]" name="iosPrint" duration-ms="14" started-at="2020-05-14T16:46:11 IST" finished-at="2020-05-14T16:46:11 IST">
          <reporter-output>
          </reporter-output>
        </test-method> <!-- iosPrint -->
      </class> <!-- testMavenProjectPackage.iOSTest -->
    </test> <!-- Default test -->
  </suite> <!-- Default suite -->
</testng-results>
