<?xml version="1.0" encoding="UTF-8"?>
<!-- Generated by org.testng.reporters.JUnitXMLReporter -->
<testsuite ignored="0" hostname="DESKTOP-6EA9O54" failures="0" tests="6" name="AdvancedTestCases" time="0.089" errors="0" timestamp="2024-06-28T09:09:33 IST">
  <testcase classname="TestPackage.advancedTestNG3" name="methodRandom" time="0.003"/>
  <testcase classname="TestPackage.advancedTestNG3" name="typeRandom" time="0.003"/>
  <testcase classname="TestPackage.advancedTestNG3" name="abcRandom" time="0.012"/>
  <testcase classname="TestPackage.advancedTestNG4" name="Demo1" time="0.005"/>
  <testcase classname="TestPackage.advancedTestNG4" name="Demo2" time="0.005"/>
  <testcase classname="TestPackage.advancedTestNG4" name="Demo3" time="0.002"/>
</testsuite> <!-- AdvancedTestCases -->
