<?xml version="1.0" encoding="UTF-8"?>
<!-- Generated by org.testng.reporters.JUnitXMLReporter -->
<testsuite hostname="DESKTOP-6EA9O54" ignored="0" name="AdvancedTestCases" tests="6" failures="0" timestamp="2021-09-18T13:23:36 IST" time="0.086" errors="0">
  <testcase name="@BeforeClass beforeClass" time="0.001" classname="TestPackage.advancedTestNG3">
    <failure type="java.lang.Error" message="Unresolved compilation problem: 
	String literal is not properly closed by a double-quote
">
      <![CDATA[java.lang.Error: Unresolved compilation problem: 
String literal is not properly closed by a double-quote

at TestPackage.advancedTestNG3.beforeClass(advancedTestNG3.java:33)
at java.util.ArrayList.forEach(Unknown Source)
... Removed 25 stack frames]]>
    </failure>
  </testcase> <!-- @BeforeClass beforeClass -->
  <testcase name="@AfterClass afterClass" time="-1.631951616872E9" classname="TestPackage.advancedTestNG3">
    <skipped/>
  </testcase> <!-- @AfterClass afterClass -->
  <testcase name="methodRandom" time="0.0" classname="TestPackage.advancedTestNG3">
    <skipped/>
  </testcase> <!-- methodRandom -->
  <testcase name="typeRandom" time="0.0" classname="TestPackage.advancedTestNG3">
    <skipped/>
  </testcase> <!-- typeRandom -->
  <testcase name="abcRandom" time="0.0" classname="TestPackage.advancedTestNG3">
    <skipped/>
  </testcase> <!-- abcRandom -->
  <testcase name="Demo1" time="0.003" classname="TestPackage.advancedTestNG4"/>
  <testcase name="Demo2" time="0.01" classname="TestPackage.advancedTestNG4"/>
  <testcase name="Demo3" time="0.002" classname="TestPackage.advancedTestNG4"/>
</testsuite> <!-- AdvancedTestCases -->
