<?xml version="1.0" encoding="UTF-8"?>
<!-- Generated by org.testng.reporters.JUnitXMLReporter -->
<testsuite hostname="DESKTOP-6EA9O54" ignored="0" name="BasicTestCases" tests="6" failures="0" timestamp="2021-09-18T13:23:36 IST" time="9.666" errors="0">
  <testcase name="Demo1" time="7.756" classname="TestPackage.basicsTestNG"/>
  <testcase name="Demo2" time="0.004" classname="TestPackage.basicsTestNG"/>
  <testcase name="Demo3" time="0.006" classname="TestPackage.basicsTestNG"/>
  <testcase name="Demo1" time="1.719" classname="TestPackage.basicTestNG2"/>
  <testcase name="Demo2" time="0.002" classname="TestPackage.basicTestNG2"/>
  <testcase name="Demo3" time="0.002" classname="TestPackage.basicTestNG2"/>
</testsuite> <!-- BasicTestCases -->
