<?xml version="1.0" encoding="UTF-8"?>
<!-- Generated by org.testng.reporters.JUnitXMLReporter -->
<testsuite hostname="DESKTOP-6EA9O54" ignored="2" name="RegularExpressions" tests="2" failures="0" timestamp="2021-08-17T21:44:07 IST" time="0.047" errors="0">
  <testcase name="ClickValues" time="0.007" classname="TestPackage.regExp"/>
  <testcase name="DummyValues" time="0.001" classname="TestPackage.regExp"/>
  <testcase name="LaunchLogout" time="0.0" classname="TestPackage.regExp">
    <ignored/>
  </testcase> <!-- LaunchLogout -->
  <testcase name="LaunchURL" time="0.0" classname="TestPackage.regExp">
    <ignored/>
  </testcase> <!-- LaunchURL -->
</testsuite> <!-- RegularExpressions -->
