<?xml version="1.0" encoding="UTF-8"?>
<!-- Generated by org.testng.reporters.JUnitXMLReporter -->
<testsuite ignored="13" hostname="DESKTOP-6EA9O54" failures="0" tests="3" name="Test" time="0.072" errors="0" timestamp="2024-06-06T10:17:45 IST">
  <testcase classname="TestPackage.advancedTestNG4" name="Demo2" time="0.007"/>
  <testcase classname="TestPackage.regExp" name="ClickValues" time="0.002"/>
  <testcase classname="TestPackage.regExp" name="DummyValues" time="0.001"/>
  <testcase classname="TestPackage.regExp" name="LaunchLogout" time="0.0">
    <ignored/>
  </testcase> <!-- LaunchLogout -->
  <testcase classname="TestPackage.basicTestNG2" name="Demo1" time="0.0">
    <ignored/>
  </testcase> <!-- Demo1 -->
  <testcase classname="TestPackage.basicTestNG2" name="Demo2" time="0.0">
    <ignored/>
  </testcase> <!-- Demo2 -->
  <testcase classname="TestPackage.advancedTestNG3" name="methodRandom" time="0.0">
    <ignored/>
  </testcase> <!-- methodRandom -->
  <testcase classname="TestPackage.advancedTestNG3" name="abcRandom" time="0.0">
    <ignored/>
  </testcase> <!-- abcRandom -->
  <testcase classname="TestPackage.basicTestNG2" name="Demo3" time="0.0">
    <ignored/>
  </testcase> <!-- Demo3 -->
  <testcase classname="TestPackage.basicsTestNG" name="Demo3" time="0.0">
    <ignored/>
  </testcase> <!-- Demo3 -->
  <testcase classname="TestPackage.regExp" name="LaunchURL" time="0.0">
    <ignored/>
  </testcase> <!-- LaunchURL -->
  <testcase classname="TestPackage.advancedTestNG3" name="typeRandom" time="0.0">
    <ignored/>
  </testcase> <!-- typeRandom -->
  <testcase classname="TestPackage.advancedTestNG4" name="Demo1" time="0.0">
    <ignored/>
  </testcase> <!-- Demo1 -->
  <testcase classname="TestPackage.basicsTestNG" name="Demo2" time="0.0">
    <ignored/>
  </testcase> <!-- Demo2 -->
  <testcase classname="TestPackage.basicsTestNG" name="Demo1" time="0.0">
    <ignored/>
  </testcase> <!-- Demo1 -->
  <testcase classname="TestPackage.advancedTestNG4" name="Demo3" time="0.0">
    <ignored/>
  </testcase> <!-- Demo3 -->
</testsuite> <!-- Test -->
