<?xml version="1.0" encoding="UTF-8"?>
<!-- Generated by org.testng.reporters.JUnitXMLReporter -->
<testsuite hostname="DESKTOP-6EA9O54" ignored="0" name="Test_2" tests="4" failures="0" timestamp="2021-08-18T12:43:50 IST" time="0.014" errors="0">
  <testcase name="ClickValues" time="0.001" classname="TestPackage.regExp"/>
  <testcase name="DummyValues" time="0.002" classname="TestPackage.regExp"/>
  <testcase name="LaunchLogout" time="0.001" classname="TestPackage.regExp"/>
  <testcase name="LaunchURL" time="0.001" classname="TestPackage.regExp"/>
</testsuite> <!-- Test_2 -->
