<?xml version="1.0" encoding="UTF-8"?>
<!-- Generated by org.testng.reporters.JUnitXMLReporter -->
<testsuite hostname="DESKTOP-6EA9O54" ignored="0" name="Test" tests="5" failures="0" timestamp="2021-09-01T08:07:53 IST" time="0.058" errors="0">
  <testcase name="ctNew" time="0.008" classname="TestPackage.helperAttributes"/>
  <testcase name="qRandom" time="0.007" classname="TestPackage.helperAttributes"/>
  <testcase name="tcRandom" time="0.001" classname="TestPackage.helperAttributes"/>
  <testcase name="clickValues" time="0.001" classname="TestPackage.helperAttributes"/>
  <testcase name="attRandom" time="0.001" classname="TestPackage.helperAttributes"/>
</testsuite> <!-- Test -->
