<?xml version="1.0" encoding="UTF-8"?>
<testng-results skipped="0" failed="0" ignored="0" total="1" passed="1">
  <reporter-output>
  </reporter-output>
  <suite name="Surefire suite" duration-ms="36218" started-at="2021-08-28T12:17:36 IST" finished-at="2021-08-28T12:18:12 IST">
    <groups>
    </groups>
    <test name="Surefire test" duration-ms="36218" started-at="2021-08-28T12:17:36 IST" finished-at="2021-08-28T12:18:12 IST">
      <class name="Reports.ExtentReportsMaven.ExtentReportTest">
        <test-method status="PASS" signature="report()[pri:0, instance:Reports.ExtentReportsMaven.ExtentReportTest@490ab905]" name="report" is-config="true" duration-ms="176" started-at="2021-08-28T12:17:36 IST" finished-at="2021-08-28T12:17:36 IST">
          <reporter-output>
          </reporter-output>
        </test-method> <!-- report -->
        <test-method status="PASS" signature="initialSetup()[pri:0, instance:Reports.ExtentReportsMaven.ExtentReportTest@490ab905]" name="initialSetup" duration-ms="35973" started-at="2021-08-28T12:17:36 IST" finished-at="2021-08-28T12:18:12 IST">
          <reporter-output>
          </reporter-output>
        </test-method> <!-- initialSetup -->
      </class> <!-- Reports.ExtentReportsMaven.ExtentReportTest -->
    </test> <!-- Surefire test -->
  </suite> <!-- Surefire suite -->
</testng-results>
