<?xml version="1.0" encoding="UTF-8"?>
<testng-results skipped="0" failed="1" ignored="0" total="1" passed="0">
  <reporter-output>
  </reporter-output>
  <suite name="Surefire suite" duration-ms="10479" started-at="2023-03-13T20:20:44 IST" finished-at="2023-03-13T20:20:55 IST">
    <groups>
    </groups>
    <test name="Surefire test" duration-ms="10479" started-at="2023-03-13T20:20:44 IST" finished-at="2023-03-13T20:20:55 IST">
      <class name="Reports.ExtentReportsMaven.ExtentReportTest">
        <test-method status="PASS" signature="report()[pri:0, instance:Reports.ExtentReportsMaven.ExtentReportTest@490ab905]" name="report" is-config="true" duration-ms="1062" started-at="2023-03-13T20:20:44 IST" finished-at="2023-03-13T20:20:45 IST">
          <reporter-output>
          </reporter-output>
        </test-method> <!-- report -->
        <test-method status="FAIL" signature="initialSetup()[pri:0, instance:Reports.ExtentReportsMaven.ExtentReportTest@490ab905]" name="initialSetup" duration-ms="9216" started-at="2023-03-13T20:20:46 IST" finished-at="2023-03-13T20:20:55 IST">
          <exception class="org.openqa.selenium.SessionNotCreatedException">
            <message>
              <![CDATA[session not created: This version of ChromeDriver only supports Chrome version 107
Current browser version is 111.0.5563.64 with binary path C:\Program Files (x86)\Google\Chrome\Application\chrome.exe
Build info: version: '3.141.59', revision: 'e82be7d358', time: '2018-11-14T08:17:03'
System info: host: 'DESKTOP-6EA9O54', ip: '192.168.29.45', os.name: 'Windows 10', os.arch: 'amd64', os.version: '10.0', java.version: '1.8.0_241'
Driver info: driver.version: ChromeDriver
remote stacktrace: Backtrace:
Ordinal0 [0x00D9ACD3+2075859]
Ordinal0 [0x00D2EE61+1633889]
Ordinal0 [0x00C2B7BD+571325]
Ordinal0 [0x00C4DFCD+712653]
Ordinal0 [0x00C49266+692838]
Ordinal0 [0x00C46BE9+682985]
Ordinal0 [0x00C7DBD3+908243]
Ordinal0 [0x00C7D6AA+906922]
Ordinal0 [0x00C77136+880950]
Ordinal0 [0x00C4FEFD+720637]
Ordinal0 [0x00C50F3F+724799]
GetHandleVerifier [0x0104EED2+2769538]
GetHandleVerifier [0x01040D95+2711877]
GetHandleVerifier [0x00E2A03A+521194]
GetHandleVerifier [0x00E28DA0+516432]
Ordinal0 [0x00D3682C+1665068]
Ordinal0 [0x00D3B128+1683752]
Ordinal0 [0x00D3B215+1683989]
Ordinal0 [0x00D46484+1729668]
BaseThreadInitThunk [0x772D7D69+25]
RtlInitializeExceptionChain [0x77A2BB9B+107]
RtlClearBits [0x77A2BB1F+191]
]]>
            </message>
            <full-stacktrace>
              <![CDATA[org.openqa.selenium.SessionNotCreatedException: session not created: This version of ChromeDriver only supports Chrome version 107
Current browser version is 111.0.5563.64 with binary path C:\Program Files (x86)\Google\Chrome\Application\chrome.exe
Build info: version: '3.141.59', revision: 'e82be7d358', time: '2018-11-14T08:17:03'
System info: host: 'DESKTOP-6EA9O54', ip: '192.168.29.45', os.name: 'Windows 10', os.arch: 'amd64', os.version: '10.0', java.version: '1.8.0_241'
Driver info: driver.version: ChromeDriver
remote stacktrace: Backtrace:
Ordinal0 [0x00D9ACD3+2075859]
Ordinal0 [0x00D2EE61+1633889]
Ordinal0 [0x00C2B7BD+571325]
Ordinal0 [0x00C4DFCD+712653]
Ordinal0 [0x00C49266+692838]
Ordinal0 [0x00C46BE9+682985]
Ordinal0 [0x00C7DBD3+908243]
Ordinal0 [0x00C7D6AA+906922]
Ordinal0 [0x00C77136+880950]
Ordinal0 [0x00C4FEFD+720637]
Ordinal0 [0x00C50F3F+724799]
GetHandleVerifier [0x0104EED2+2769538]
GetHandleVerifier [0x01040D95+2711877]
GetHandleVerifier [0x00E2A03A+521194]
GetHandleVerifier [0x00E28DA0+516432]
Ordinal0 [0x00D3682C+1665068]
Ordinal0 [0x00D3B128+1683752]
Ordinal0 [0x00D3B215+1683989]
Ordinal0 [0x00D46484+1729668]
BaseThreadInitThunk [0x772D7D69+25]
RtlInitializeExceptionChain [0x77A2BB9B+107]
RtlClearBits [0x77A2BB1F+191]

at sun.reflect.NativeConstructorAccessorImpl.newInstance0(Native Method)
at sun.reflect.NativeConstructorAccessorImpl.newInstance(NativeConstructorAccessorImpl.java:62)
at sun.reflect.DelegatingConstructorAccessorImpl.newInstance(DelegatingConstructorAccessorImpl.java:45)
at java.lang.reflect.Constructor.newInstance(Constructor.java:423)
at org.openqa.selenium.remote.W3CHandshakeResponse.lambda$errorHandler$0(W3CHandshakeResponse.java:62)
at org.openqa.selenium.remote.HandshakeResponse.lambda$getResponseFunction$0(HandshakeResponse.java:30)
at org.openqa.selenium.remote.ProtocolHandshake.lambda$createSession$0(ProtocolHandshake.java:126)
at java.util.stream.ReferencePipeline$3$1.accept(ReferencePipeline.java:193)
at java.util.Spliterators$ArraySpliterator.tryAdvance(Spliterators.java:958)
at java.util.stream.ReferencePipeline.forEachWithCancel(ReferencePipeline.java:126)
at java.util.stream.AbstractPipeline.copyIntoWithCancel(AbstractPipeline.java:499)
at java.util.stream.AbstractPipeline.copyInto(AbstractPipeline.java:486)
at java.util.stream.AbstractPipeline.wrapAndCopyInto(AbstractPipeline.java:472)
at java.util.stream.FindOps$FindOp.evaluateSequential(FindOps.java:152)
at java.util.stream.AbstractPipeline.evaluate(AbstractPipeline.java:234)
at java.util.stream.ReferencePipeline.findFirst(ReferencePipeline.java:464)
at org.openqa.selenium.remote.ProtocolHandshake.createSession(ProtocolHandshake.java:128)
at org.openqa.selenium.remote.ProtocolHandshake.createSession(ProtocolHandshake.java:74)
at org.openqa.selenium.remote.HttpCommandExecutor.execute(HttpCommandExecutor.java:136)
at org.openqa.selenium.remote.service.DriverCommandExecutor.execute(DriverCommandExecutor.java:83)
at org.openqa.selenium.remote.RemoteWebDriver.execute(RemoteWebDriver.java:552)
at org.openqa.selenium.remote.RemoteWebDriver.startSession(RemoteWebDriver.java:213)
at org.openqa.selenium.remote.RemoteWebDriver.<init>(RemoteWebDriver.java:131)
at org.openqa.selenium.chrome.ChromeDriver.<init>(ChromeDriver.java:181)
at org.openqa.selenium.chrome.ChromeDriver.<init>(ChromeDriver.java:168)
at org.openqa.selenium.chrome.ChromeDriver.<init>(ChromeDriver.java:123)
at Reports.ExtentReportsMaven.ExtentReportTest.initialSetup(ExtentReportTest.java:49)
at sun.reflect.NativeMethodAccessorImpl.invoke0(Native Method)
at sun.reflect.NativeMethodAccessorImpl.invoke(NativeMethodAccessorImpl.java:62)
at sun.reflect.DelegatingMethodAccessorImpl.invoke(DelegatingMethodAccessorImpl.java:43)
at java.lang.reflect.Method.invoke(Method.java:498)
at org.testng.internal.MethodInvocationHelper.invokeMethod(MethodInvocationHelper.java:134)
at org.testng.internal.TestInvoker.invokeMethod(TestInvoker.java:597)
at org.testng.internal.TestInvoker.invokeTestMethod(TestInvoker.java:173)
at org.testng.internal.MethodRunner.runInSequence(MethodRunner.java:46)
at org.testng.internal.TestInvoker$MethodInvocationAgent.invoke(TestInvoker.java:816)
at org.testng.internal.TestInvoker.invokeTestMethods(TestInvoker.java:146)
at org.testng.internal.TestMethodWorker.invokeTestMethods(TestMethodWorker.java:146)
at org.testng.internal.TestMethodWorker.run(TestMethodWorker.java:128)
at java.util.ArrayList.forEach(ArrayList.java:1257)
at org.testng.TestRunner.privateRun(TestRunner.java:766)
at org.testng.TestRunner.run(TestRunner.java:587)
at org.testng.SuiteRunner.runTest(SuiteRunner.java:384)
at org.testng.SuiteRunner.runSequentially(SuiteRunner.java:378)
at org.testng.SuiteRunner.privateRun(SuiteRunner.java:337)
at org.testng.SuiteRunner.run(SuiteRunner.java:286)
at org.testng.SuiteRunnerWorker.runSuite(SuiteRunnerWorker.java:53)
at org.testng.SuiteRunnerWorker.run(SuiteRunnerWorker.java:96)
at org.testng.TestNG.runSuitesSequentially(TestNG.java:1187)
at org.testng.TestNG.runSuitesLocally(TestNG.java:1109)
at org.testng.TestNG.runSuites(TestNG.java:1039)
at org.testng.TestNG.run(TestNG.java:1007)
at org.apache.maven.surefire.testng.TestNGExecutor.run(TestNGExecutor.java:135)
at org.apache.maven.surefire.testng.TestNGDirectoryTestSuite.executeSingleClass(TestNGDirectoryTestSuite.java:112)
at org.apache.maven.surefire.testng.TestNGDirectoryTestSuite.execute(TestNGDirectoryTestSuite.java:99)
at org.apache.maven.surefire.testng.TestNGProvider.invoke(TestNGProvider.java:146)
at org.apache.maven.surefire.booter.ForkedBooter.invokeProviderInSameClassLoader(ForkedBooter.java:384)
at org.apache.maven.surefire.booter.ForkedBooter.runSuitesInProcess(ForkedBooter.java:345)
at org.apache.maven.surefire.booter.ForkedBooter.execute(ForkedBooter.java:126)
at org.apache.maven.surefire.booter.ForkedBooter.main(ForkedBooter.java:418)
]]>
            </full-stacktrace>
          </exception> <!-- org.openqa.selenium.SessionNotCreatedException -->
          <reporter-output>
          </reporter-output>
        </test-method> <!-- initialSetup -->
      </class> <!-- Reports.ExtentReportsMaven.ExtentReportTest -->
    </test> <!-- Surefire test -->
  </suite> <!-- Surefire suite -->
</testng-results>
