<?xml version="1.0" encoding="UTF-8"?>
<testng-results skipped="0" failed="0" ignored="0" total="1" passed="1">
  <reporter-output>
  </reporter-output>
  <suite name="Default suite" duration-ms="44967" started-at="2021-08-20T08:21:12 IST" finished-at="2021-08-20T08:21:57 IST">
    <groups>
    </groups>
    <test name="Default test" duration-ms="44967" started-at="2021-08-20T08:21:12 IST" finished-at="2021-08-20T08:21:57 IST">
      <class name="Reports.ExtentReportsMaven.ExtentReportTest">
        <test-method status="PASS" signature="report()[pri:0, instance:Reports.ExtentReportsMaven.ExtentReportTest@64729b1e]" name="report" is-config="true" duration-ms="208" started-at="2021-08-20T08:21:12 IST" finished-at="2021-08-20T08:21:12 IST">
          <reporter-output>
          </reporter-output>
        </test-method> <!-- report -->
        <test-method status="PASS" signature="initialSetup()[pri:0, instance:Reports.ExtentReportsMaven.ExtentReportTest@64729b1e]" name="initialSetup" duration-ms="44700" started-at="2021-08-20T08:21:12 IST" finished-at="2021-08-20T08:21:57 IST">
          <reporter-output>
          </reporter-output>
        </test-method> <!-- initialSetup -->
      </class> <!-- Reports.ExtentReportsMaven.ExtentReportTest -->
    </test> <!-- Default test -->
  </suite> <!-- Default suite -->
</testng-results>
